#
# There is insufficient memory for the Java Runtime Environment to continue.
# Native memory allocation (malloc) failed to allocate 437024 bytes for Chunk::new
# Possible reasons:
#   The system is out of physical RAM or swap space
#   The process is running with CompressedOops enabled, and the Java Heap may be blocking the growth of the native heap
# Possible solutions:
#   Reduce memory load on the system
#   Increase physical memory or swap space
#   Check if swap backing store is full
#   Decrease Java heap size (-Xmx/-Xms)
#   Decrease number of Java threads
#   Decrease Java thread stack sizes (-Xss)
#   Set larger code cache with -XX:ReservedCodeCacheSize=
#   JVM is running with Unscaled Compressed Oops mode in which the Java heap is
#     placed in the first 4GB address space. The Java Heap base address is the
#     maximum limit for the native heap growth. Please use -XX:HeapBaseMinAddress
#     to set the Java Heap base and to place the Java Heap above 4GB virtual address.
# This output file may be truncated or incomplete.
#
#  Out of Memory Error (arena.cpp:168), pid=9592, tid=15012
#
# JRE version: Java(TM) SE Runtime Environment (21.0.3+7) (build 21.0.3+7-LTS-152)
# Java VM: Java HotSpot(TM) 64-Bit Server VM (21.0.3+7-LTS-152, mixed mode, sharing, tiered, compressed oops, compressed class ptrs, g1 gc, windows-amd64)
# No core dump will be written. Minidumps are not enabled by default on client versions of Windows
#

---------------  S U M M A R Y ------------

Command Line: -javaagent:C:\Program Files\JetBrains\IntelliJ IDEA Community Edition 2024.1\lib\idea_rt.jar=65065:C:\Program Files\JetBrains\IntelliJ IDEA Community Edition 2024.1\bin -Dfile.encoding=UTF-8 -Dsun.stdout.encoding=UTF-8 -Dsun.stderr.encoding=UTF-8 com.example.Transaction_Service.TransactionServiceApplication

Host: Intel(R) Core(TM) i5-4300U CPU @ 1.90GHz, 4 cores, 7G,  Windows 10 , 64 bit Build 19041 (10.0.19041.5438)
Time: Tue Feb 25 21:06:18 2025 Morocco Standard Time elapsed time: 1.465289 seconds (0d 0h 0m 1s)

---------------  T H R E A D  ---------------

Current thread (0x0000023c0b40c7d0):  JavaThread "C2 CompilerThread1" daemon [_thread_in_native, id=15012, stack(0x000000b0c5c00000,0x000000b0c5d00000) (1024K)]


Current CompileTask:
C2:   1465  841       4       java.io.WinNTFileSystem::normalize (143 bytes)

Stack: [0x000000b0c5c00000,0x000000b0c5d00000]
Native frames: (J=compiled Java code, j=interpreted, Vv=VM code, C=native code)
V  [jvm.dll+0x6c63b9]
V  [jvm.dll+0x84fa11]
V  [jvm.dll+0x851f3e]
V  [jvm.dll+0x852613]
V  [jvm.dll+0x27cd46]
V  [jvm.dll+0xc4aad]
V  [jvm.dll+0xc4fe3]
V  [jvm.dll+0x3b1d5c]
V  [jvm.dll+0x37e485]
V  [jvm.dll+0x37d8fa]
V  [jvm.dll+0x245b40]
V  [jvm.dll+0x24511f]
V  [jvm.dll+0x1c689e]
V  [jvm.dll+0x254609]
V  [jvm.dll+0x252b9a]
V  [jvm.dll+0x3eb056]
V  [jvm.dll+0x7f9ffb]
V  [jvm.dll+0x6c4a9d]
C  [ucrtbase.dll+0x21bb2]
C  [KERNEL32.DLL+0x17374]
C  [ntdll.dll+0x4cc91]


---------------  P R O C E S S  ---------------

Threads class SMR info:
_java_thread_list=0x0000023c0b38c7f0, length=13, elements={
0x0000023ba77816b0, 0x0000023bc57d1f90, 0x0000023bc57d2c70, 0x0000023bc57d6710,
0x0000023bc57d6d80, 0x0000023bc57d73f0, 0x0000023bc57dba70, 0x0000023bc57dc410,
0x0000023bc57ddad0, 0x0000023bc582e6e0, 0x0000023c0b0f6d00, 0x0000023bc5bb58f0,
0x0000023c0b40c7d0
}

Java Threads: ( => current thread )
  0x0000023ba77816b0 JavaThread "main"                              [_thread_in_vm, id=4600, stack(0x000000b0c4800000,0x000000b0c4900000) (1024K)]
  0x0000023bc57d1f90 JavaThread "Reference Handler"          daemon [_thread_blocked, id=16708, stack(0x000000b0c5100000,0x000000b0c5200000) (1024K)]
  0x0000023bc57d2c70 JavaThread "Finalizer"                  daemon [_thread_blocked, id=8472, stack(0x000000b0c5200000,0x000000b0c5300000) (1024K)]
  0x0000023bc57d6710 JavaThread "Signal Dispatcher"          daemon [_thread_blocked, id=15140, stack(0x000000b0c5300000,0x000000b0c5400000) (1024K)]
  0x0000023bc57d6d80 JavaThread "Attach Listener"            daemon [_thread_blocked, id=13740, stack(0x000000b0c5400000,0x000000b0c5500000) (1024K)]
  0x0000023bc57d73f0 JavaThread "Service Thread"             daemon [_thread_blocked, id=15456, stack(0x000000b0c5500000,0x000000b0c5600000) (1024K)]
  0x0000023bc57dba70 JavaThread "Monitor Deflation Thread"   daemon [_thread_blocked, id=14436, stack(0x000000b0c5600000,0x000000b0c5700000) (1024K)]
  0x0000023bc57dc410 JavaThread "C2 CompilerThread0"         daemon [_thread_blocked, id=11964, stack(0x000000b0c5700000,0x000000b0c5800000) (1024K)]
  0x0000023bc57ddad0 JavaThread "C1 CompilerThread0"         daemon [_thread_in_native, id=3048, stack(0x000000b0c5800000,0x000000b0c5900000) (1024K)]
  0x0000023bc582e6e0 JavaThread "Common-Cleaner"             daemon [_thread_blocked, id=15940, stack(0x000000b0c5900000,0x000000b0c5a00000) (1024K)]
  0x0000023c0b0f6d00 JavaThread "Monitor Ctrl-Break"         daemon [_thread_in_native, id=15072, stack(0x000000b0c5a00000,0x000000b0c5b00000) (1024K)]
  0x0000023bc5bb58f0 JavaThread "Notification Thread"        daemon [_thread_blocked, id=12780, stack(0x000000b0c5b00000,0x000000b0c5c00000) (1024K)]
=>0x0000023c0b40c7d0 JavaThread "C2 CompilerThread1"         daemon [_thread_in_native, id=15012, stack(0x000000b0c5c00000,0x000000b0c5d00000) (1024K)]
Total: 13

Other Threads:
  0x0000023bc57afb30 VMThread "VM Thread"                           [id=12544, stack(0x000000b0c4f00000,0x000000b0c5000000) (1024K)]
  0x0000023bc5799d00 WatcherThread "VM Periodic Task Thread"        [id=13940, stack(0x000000b0c4e00000,0x000000b0c4f00000) (1024K)]
  0x0000023ba77d9e90 WorkerThread "GC Thread#0"                     [id=14728, stack(0x000000b0c4900000,0x000000b0c4a00000) (1024K)]
  0x0000023c0b478f70 WorkerThread "GC Thread#1"                     [id=7244, stack(0x000000b0c5d00000,0x000000b0c5e00000) (1024K)]
  0x0000023c0b479310 WorkerThread "GC Thread#2"                     [id=11792, stack(0x000000b0c5e00000,0x000000b0c5f00000) (1024K)]
  0x0000023c0b4cc440 WorkerThread "GC Thread#3"                     [id=16056, stack(0x000000b0c5f00000,0x000000b0c6000000) (1024K)]
  0x0000023ba77e7b70 ConcurrentGCThread "G1 Main Marker"            [id=16976, stack(0x000000b0c4a00000,0x000000b0c4b00000) (1024K)]
  0x0000023ba773e530 WorkerThread "G1 Conc#0"                       [id=16192, stack(0x000000b0c4b00000,0x000000b0c4c00000) (1024K)]
  0x0000023bc565b100 ConcurrentGCThread "G1 Refine#0"               [id=14980, stack(0x000000b0c4c00000,0x000000b0c4d00000) (1024K)]
  0x0000023bc565d540 ConcurrentGCThread "G1 Service"                [id=6000, stack(0x000000b0c4d00000,0x000000b0c4e00000) (1024K)]
Total: 10

Threads with active compile tasks:
C1 CompilerThread0     1521  902       3       java.net.URLStreamHandler::parseURL (1124 bytes)
C2 CompilerThread1     1521  841       4       java.io.WinNTFileSystem::normalize (143 bytes)
Total: 2

VM state: not at safepoint (normal execution)

VM Mutex/Monitor currently owned by a thread: None

Heap address: 0x0000000081600000, size: 2026 MB, Compressed Oops mode: 32-bit

CDS archive(s) mapped at: [0x0000023bc6000000-0x0000023bc6c90000-0x0000023bc6c90000), size 13172736, SharedBaseAddress: 0x0000023bc6000000, ArchiveRelocationMode: 1.
Compressed class space mapped at: 0x0000023bc7000000-0x0000023c07000000, reserved size: 1073741824
Narrow klass base: 0x0000023bc6000000, Narrow klass shift: 0, Narrow klass range: 0x100000000

GC Precious Log:
 CardTable entry size: 512
 Card Set container configuration: InlinePtr #cards 5 size 8 Array Of Cards #cards 12 size 40 Howl #buckets 4 coarsen threshold 1843 Howl Bitmap #cards 512 size 80 coarsen threshold 460 Card regions per heap region 1 cards per card region 2048
 CPUs: 4 total, 4 available
 Memory: 8097M
 Large Page Support: Disabled
 NUMA Support: Disabled
 Compressed Oops: Enabled (32-bit)
 Heap Region Size: 1M
 Heap Min Capacity: 8M
 Heap Initial Capacity: 128M
 Heap Max Capacity: 2026M
 Pre-touch: Disabled
 Parallel Workers: 4
 Concurrent Workers: 1
 Concurrent Refinement Workers: 4
 Periodic GC: Disabled

Heap:
 garbage-first heap   total 131072K, used 12373K [0x0000000081600000, 0x0000000100000000)
  region size 1024K, 6 young (6144K), 2 survivors (2048K)
 Metaspace       used 3643K, committed 3840K, reserved 1114112K
  class space    used 348K, committed 448K, reserved 1048576K

Heap Regions: E=young(eden), S=young(survivor), O=old, HS=humongous(starts), HC=humongous(continues), CS=collection set, F=free, TAMS=top-at-mark-start, PB=parsable bottom
|   0|0x0000000081600000, 0x0000000081700000, 0x0000000081700000|100%|HS|  |TAMS 0x0000000081600000| PB 0x0000000081600000| Complete 
|   1|0x0000000081700000, 0x0000000081800000, 0x0000000081800000|100%|HS|  |TAMS 0x0000000081700000| PB 0x0000000081700000| Complete 
|   2|0x0000000081800000, 0x0000000081900000, 0x0000000081900000|100%|HS|  |TAMS 0x0000000081800000| PB 0x0000000081800000| Complete 
|   3|0x0000000081900000, 0x0000000081900000, 0x0000000081a00000|  0%| F|  |TAMS 0x0000000081900000| PB 0x0000000081900000| Untracked 
|   4|0x0000000081a00000, 0x0000000081b00000, 0x0000000081b00000|100%| O|  |TAMS 0x0000000081a00000| PB 0x0000000081a00000| Untracked 
|   5|0x0000000081b00000, 0x0000000081c00000, 0x0000000081c00000|100%| O|  |TAMS 0x0000000081b00000| PB 0x0000000081b00000| Untracked 
|   6|0x0000000081c00000, 0x0000000081d00000, 0x0000000081d00000|100%| O|  |TAMS 0x0000000081c00000| PB 0x0000000081c00000| Untracked 
|   7|0x0000000081d00000, 0x0000000081e00000, 0x0000000081e00000|100%| O|  |TAMS 0x0000000081d00000| PB 0x0000000081d00000| Untracked 
|   8|0x0000000081e00000, 0x0000000081e15540, 0x0000000081f00000|  8%| O|  |TAMS 0x0000000081e00000| PB 0x0000000081e00000| Untracked 
|   9|0x0000000081f00000, 0x0000000081f00000, 0x0000000082000000|  0%| F|  |TAMS 0x0000000081f00000| PB 0x0000000081f00000| Untracked 
|  10|0x0000000082000000, 0x0000000082000000, 0x0000000082100000|  0%| F|  |TAMS 0x0000000082000000| PB 0x0000000082000000| Untracked 
|  11|0x0000000082100000, 0x0000000082100000, 0x0000000082200000|  0%| F|  |TAMS 0x0000000082100000| PB 0x0000000082100000| Untracked 
|  12|0x0000000082200000, 0x0000000082200000, 0x0000000082300000|  0%| F|  |TAMS 0x0000000082200000| PB 0x0000000082200000| Untracked 
|  13|0x0000000082300000, 0x0000000082300000, 0x0000000082400000|  0%| F|  |TAMS 0x0000000082300000| PB 0x0000000082300000| Untracked 
|  14|0x0000000082400000, 0x0000000082400000, 0x0000000082500000|  0%| F|  |TAMS 0x0000000082400000| PB 0x0000000082400000| Untracked 
|  15|0x0000000082500000, 0x0000000082500000, 0x0000000082600000|  0%| F|  |TAMS 0x0000000082500000| PB 0x0000000082500000| Untracked 
|  16|0x0000000082600000, 0x0000000082600000, 0x0000000082700000|  0%| F|  |TAMS 0x0000000082600000| PB 0x0000000082600000| Untracked 
|  17|0x0000000082700000, 0x0000000082700000, 0x0000000082800000|  0%| F|  |TAMS 0x0000000082700000| PB 0x0000000082700000| Untracked 
|  18|0x0000000082800000, 0x0000000082800000, 0x0000000082900000|  0%| F|  |TAMS 0x0000000082800000| PB 0x0000000082800000| Untracked 
|  19|0x0000000082900000, 0x0000000082900000, 0x0000000082a00000|  0%| F|  |TAMS 0x0000000082900000| PB 0x0000000082900000| Untracked 
|  20|0x0000000082a00000, 0x0000000082a00000, 0x0000000082b00000|  0%| F|  |TAMS 0x0000000082a00000| PB 0x0000000082a00000| Untracked 
|  21|0x0000000082b00000, 0x0000000082b00000, 0x0000000082c00000|  0%| F|  |TAMS 0x0000000082b00000| PB 0x0000000082b00000| Untracked 
|  22|0x0000000082c00000, 0x0000000082c00000, 0x0000000082d00000|  0%| F|  |TAMS 0x0000000082c00000| PB 0x0000000082c00000| Untracked 
|  23|0x0000000082d00000, 0x0000000082d00000, 0x0000000082e00000|  0%| F|  |TAMS 0x0000000082d00000| PB 0x0000000082d00000| Untracked 
|  24|0x0000000082e00000, 0x0000000082e00000, 0x0000000082f00000|  0%| F|  |TAMS 0x0000000082e00000| PB 0x0000000082e00000| Untracked 
|  25|0x0000000082f00000, 0x0000000082f00000, 0x0000000083000000|  0%| F|  |TAMS 0x0000000082f00000| PB 0x0000000082f00000| Untracked 
|  26|0x0000000083000000, 0x0000000083000000, 0x0000000083100000|  0%| F|  |TAMS 0x0000000083000000| PB 0x0000000083000000| Untracked 
|  27|0x0000000083100000, 0x0000000083100000, 0x0000000083200000|  0%| F|  |TAMS 0x0000000083100000| PB 0x0000000083100000| Untracked 
|  28|0x0000000083200000, 0x0000000083200000, 0x0000000083300000|  0%| F|  |TAMS 0x0000000083200000| PB 0x0000000083200000| Untracked 
|  29|0x0000000083300000, 0x0000000083300000, 0x0000000083400000|  0%| F|  |TAMS 0x0000000083300000| PB 0x0000000083300000| Untracked 
|  30|0x0000000083400000, 0x0000000083400000, 0x0000000083500000|  0%| F|  |TAMS 0x0000000083400000| PB 0x0000000083400000| Untracked 
|  31|0x0000000083500000, 0x0000000083500000, 0x0000000083600000|  0%| F|  |TAMS 0x0000000083500000| PB 0x0000000083500000| Untracked 
|  32|0x0000000083600000, 0x0000000083600000, 0x0000000083700000|  0%| F|  |TAMS 0x0000000083600000| PB 0x0000000083600000| Untracked 
|  33|0x0000000083700000, 0x0000000083700000, 0x0000000083800000|  0%| F|  |TAMS 0x0000000083700000| PB 0x0000000083700000| Untracked 
|  34|0x0000000083800000, 0x0000000083800000, 0x0000000083900000|  0%| F|  |TAMS 0x0000000083800000| PB 0x0000000083800000| Untracked 
|  35|0x0000000083900000, 0x0000000083900000, 0x0000000083a00000|  0%| F|  |TAMS 0x0000000083900000| PB 0x0000000083900000| Untracked 
|  36|0x0000000083a00000, 0x0000000083a00000, 0x0000000083b00000|  0%| F|  |TAMS 0x0000000083a00000| PB 0x0000000083a00000| Untracked 
|  37|0x0000000083b00000, 0x0000000083b00000, 0x0000000083c00000|  0%| F|  |TAMS 0x0000000083b00000| PB 0x0000000083b00000| Untracked 
|  38|0x0000000083c00000, 0x0000000083c00000, 0x0000000083d00000|  0%| F|  |TAMS 0x0000000083c00000| PB 0x0000000083c00000| Untracked 
|  39|0x0000000083d00000, 0x0000000083d00000, 0x0000000083e00000|  0%| F|  |TAMS 0x0000000083d00000| PB 0x0000000083d00000| Untracked 
|  40|0x0000000083e00000, 0x0000000083e00000, 0x0000000083f00000|  0%| F|  |TAMS 0x0000000083e00000| PB 0x0000000083e00000| Untracked 
|  41|0x0000000083f00000, 0x0000000083f00000, 0x0000000084000000|  0%| F|  |TAMS 0x0000000083f00000| PB 0x0000000083f00000| Untracked 
|  42|0x0000000084000000, 0x0000000084000000, 0x0000000084100000|  0%| F|  |TAMS 0x0000000084000000| PB 0x0000000084000000| Untracked 
|  43|0x0000000084100000, 0x0000000084100000, 0x0000000084200000|  0%| F|  |TAMS 0x0000000084100000| PB 0x0000000084100000| Untracked 
|  44|0x0000000084200000, 0x0000000084200000, 0x0000000084300000|  0%| F|  |TAMS 0x0000000084200000| PB 0x0000000084200000| Untracked 
|  45|0x0000000084300000, 0x0000000084300000, 0x0000000084400000|  0%| F|  |TAMS 0x0000000084300000| PB 0x0000000084300000| Untracked 
|  46|0x0000000084400000, 0x0000000084400000, 0x0000000084500000|  0%| F|  |TAMS 0x0000000084400000| PB 0x0000000084400000| Untracked 
|  47|0x0000000084500000, 0x0000000084500000, 0x0000000084600000|  0%| F|  |TAMS 0x0000000084500000| PB 0x0000000084500000| Untracked 
|  48|0x0000000084600000, 0x0000000084600000, 0x0000000084700000|  0%| F|  |TAMS 0x0000000084600000| PB 0x0000000084600000| Untracked 
|  49|0x0000000084700000, 0x0000000084700000, 0x0000000084800000|  0%| F|  |TAMS 0x0000000084700000| PB 0x0000000084700000| Untracked 
|  50|0x0000000084800000, 0x0000000084800000, 0x0000000084900000|  0%| F|  |TAMS 0x0000000084800000| PB 0x0000000084800000| Untracked 
|  51|0x0000000084900000, 0x0000000084900000, 0x0000000084a00000|  0%| F|  |TAMS 0x0000000084900000| PB 0x0000000084900000| Untracked 
|  52|0x0000000084a00000, 0x0000000084a00000, 0x0000000084b00000|  0%| F|  |TAMS 0x0000000084a00000| PB 0x0000000084a00000| Untracked 
|  53|0x0000000084b00000, 0x0000000084b00000, 0x0000000084c00000|  0%| F|  |TAMS 0x0000000084b00000| PB 0x0000000084b00000| Untracked 
|  54|0x0000000084c00000, 0x0000000084c00000, 0x0000000084d00000|  0%| F|  |TAMS 0x0000000084c00000| PB 0x0000000084c00000| Untracked 
|  55|0x0000000084d00000, 0x0000000084d00000, 0x0000000084e00000|  0%| F|  |TAMS 0x0000000084d00000| PB 0x0000000084d00000| Untracked 
|  56|0x0000000084e00000, 0x0000000084e00000, 0x0000000084f00000|  0%| F|  |TAMS 0x0000000084e00000| PB 0x0000000084e00000| Untracked 
|  57|0x0000000084f00000, 0x0000000084f00000, 0x0000000085000000|  0%| F|  |TAMS 0x0000000084f00000| PB 0x0000000084f00000| Untracked 
|  58|0x0000000085000000, 0x0000000085000000, 0x0000000085100000|  0%| F|  |TAMS 0x0000000085000000| PB 0x0000000085000000| Untracked 
|  59|0x0000000085100000, 0x0000000085100000, 0x0000000085200000|  0%| F|  |TAMS 0x0000000085100000| PB 0x0000000085100000| Untracked 
|  60|0x0000000085200000, 0x0000000085200000, 0x0000000085300000|  0%| F|  |TAMS 0x0000000085200000| PB 0x0000000085200000| Untracked 
|  61|0x0000000085300000, 0x0000000085300000, 0x0000000085400000|  0%| F|  |TAMS 0x0000000085300000| PB 0x0000000085300000| Untracked 
|  62|0x0000000085400000, 0x0000000085400000, 0x0000000085500000|  0%| F|  |TAMS 0x0000000085400000| PB 0x0000000085400000| Untracked 
|  63|0x0000000085500000, 0x0000000085500000, 0x0000000085600000|  0%| F|  |TAMS 0x0000000085500000| PB 0x0000000085500000| Untracked 
|  64|0x0000000085600000, 0x0000000085600000, 0x0000000085700000|  0%| F|  |TAMS 0x0000000085600000| PB 0x0000000085600000| Untracked 
|  65|0x0000000085700000, 0x0000000085700000, 0x0000000085800000|  0%| F|  |TAMS 0x0000000085700000| PB 0x0000000085700000| Untracked 
|  66|0x0000000085800000, 0x0000000085800000, 0x0000000085900000|  0%| F|  |TAMS 0x0000000085800000| PB 0x0000000085800000| Untracked 
|  67|0x0000000085900000, 0x0000000085900000, 0x0000000085a00000|  0%| F|  |TAMS 0x0000000085900000| PB 0x0000000085900000| Untracked 
|  68|0x0000000085a00000, 0x0000000085a00000, 0x0000000085b00000|  0%| F|  |TAMS 0x0000000085a00000| PB 0x0000000085a00000| Untracked 
|  69|0x0000000085b00000, 0x0000000085b00000, 0x0000000085c00000|  0%| F|  |TAMS 0x0000000085b00000| PB 0x0000000085b00000| Untracked 
|  70|0x0000000085c00000, 0x0000000085c00000, 0x0000000085d00000|  0%| F|  |TAMS 0x0000000085c00000| PB 0x0000000085c00000| Untracked 
|  71|0x0000000085d00000, 0x0000000085d00000, 0x0000000085e00000|  0%| F|  |TAMS 0x0000000085d00000| PB 0x0000000085d00000| Untracked 
|  72|0x0000000085e00000, 0x0000000085e00000, 0x0000000085f00000|  0%| F|  |TAMS 0x0000000085e00000| PB 0x0000000085e00000| Untracked 
|  73|0x0000000085f00000, 0x0000000085f00000, 0x0000000086000000|  0%| F|  |TAMS 0x0000000085f00000| PB 0x0000000085f00000| Untracked 
|  74|0x0000000086000000, 0x0000000086000000, 0x0000000086100000|  0%| F|  |TAMS 0x0000000086000000| PB 0x0000000086000000| Untracked 
|  75|0x0000000086100000, 0x0000000086100000, 0x0000000086200000|  0%| F|  |TAMS 0x0000000086100000| PB 0x0000000086100000| Untracked 
|  76|0x0000000086200000, 0x0000000086200000, 0x0000000086300000|  0%| F|  |TAMS 0x0000000086200000| PB 0x0000000086200000| Untracked 
|  77|0x0000000086300000, 0x0000000086300000, 0x0000000086400000|  0%| F|  |TAMS 0x0000000086300000| PB 0x0000000086300000| Untracked 
|  78|0x0000000086400000, 0x0000000086400000, 0x0000000086500000|  0%| F|  |TAMS 0x0000000086400000| PB 0x0000000086400000| Untracked 
|  79|0x0000000086500000, 0x0000000086500000, 0x0000000086600000|  0%| F|  |TAMS 0x0000000086500000| PB 0x0000000086500000| Untracked 
|  80|0x0000000086600000, 0x0000000086600000, 0x0000000086700000|  0%| F|  |TAMS 0x0000000086600000| PB 0x0000000086600000| Untracked 
|  81|0x0000000086700000, 0x0000000086700000, 0x0000000086800000|  0%| F|  |TAMS 0x0000000086700000| PB 0x0000000086700000| Untracked 
|  82|0x0000000086800000, 0x0000000086800000, 0x0000000086900000|  0%| F|  |TAMS 0x0000000086800000| PB 0x0000000086800000| Untracked 
|  83|0x0000000086900000, 0x0000000086900000, 0x0000000086a00000|  0%| F|  |TAMS 0x0000000086900000| PB 0x0000000086900000| Untracked 
|  84|0x0000000086a00000, 0x0000000086a00000, 0x0000000086b00000|  0%| F|  |TAMS 0x0000000086a00000| PB 0x0000000086a00000| Untracked 
|  85|0x0000000086b00000, 0x0000000086b00000, 0x0000000086c00000|  0%| F|  |TAMS 0x0000000086b00000| PB 0x0000000086b00000| Untracked 
|  86|0x0000000086c00000, 0x0000000086c00000, 0x0000000086d00000|  0%| F|  |TAMS 0x0000000086c00000| PB 0x0000000086c00000| Untracked 
|  87|0x0000000086d00000, 0x0000000086d00000, 0x0000000086e00000|  0%| F|  |TAMS 0x0000000086d00000| PB 0x0000000086d00000| Untracked 
|  88|0x0000000086e00000, 0x0000000086e00000, 0x0000000086f00000|  0%| F|  |TAMS 0x0000000086e00000| PB 0x0000000086e00000| Untracked 
|  89|0x0000000086f00000, 0x0000000086f00000, 0x0000000087000000|  0%| F|  |TAMS 0x0000000086f00000| PB 0x0000000086f00000| Untracked 
|  90|0x0000000087000000, 0x0000000087000000, 0x0000000087100000|  0%| F|  |TAMS 0x0000000087000000| PB 0x0000000087000000| Untracked 
|  91|0x0000000087100000, 0x0000000087100000, 0x0000000087200000|  0%| F|  |TAMS 0x0000000087100000| PB 0x0000000087100000| Untracked 
|  92|0x0000000087200000, 0x0000000087200000, 0x0000000087300000|  0%| F|  |TAMS 0x0000000087200000| PB 0x0000000087200000| Untracked 
|  93|0x0000000087300000, 0x0000000087300000, 0x0000000087400000|  0%| F|  |TAMS 0x0000000087300000| PB 0x0000000087300000| Untracked 
|  94|0x0000000087400000, 0x0000000087400000, 0x0000000087500000|  0%| F|  |TAMS 0x0000000087400000| PB 0x0000000087400000| Untracked 
|  95|0x0000000087500000, 0x0000000087500000, 0x0000000087600000|  0%| F|  |TAMS 0x0000000087500000| PB 0x0000000087500000| Untracked 
|  96|0x0000000087600000, 0x0000000087600000, 0x0000000087700000|  0%| F|  |TAMS 0x0000000087600000| PB 0x0000000087600000| Untracked 
|  97|0x0000000087700000, 0x0000000087700000, 0x0000000087800000|  0%| F|  |TAMS 0x0000000087700000| PB 0x0000000087700000| Untracked 
|  98|0x0000000087800000, 0x0000000087800000, 0x0000000087900000|  0%| F|  |TAMS 0x0000000087800000| PB 0x0000000087800000| Untracked 
|  99|0x0000000087900000, 0x0000000087900000, 0x0000000087a00000|  0%| F|  |TAMS 0x0000000087900000| PB 0x0000000087900000| Untracked 
| 100|0x0000000087a00000, 0x0000000087a00000, 0x0000000087b00000|  0%| F|  |TAMS 0x0000000087a00000| PB 0x0000000087a00000| Untracked 
| 101|0x0000000087b00000, 0x0000000087b00000, 0x0000000087c00000|  0%| F|  |TAMS 0x0000000087b00000| PB 0x0000000087b00000| Untracked 
| 102|0x0000000087c00000, 0x0000000087c00000, 0x0000000087d00000|  0%| F|  |TAMS 0x0000000087c00000| PB 0x0000000087c00000| Untracked 
| 103|0x0000000087d00000, 0x0000000087d00000, 0x0000000087e00000|  0%| F|  |TAMS 0x0000000087d00000| PB 0x0000000087d00000| Untracked 
| 104|0x0000000087e00000, 0x0000000087e00000, 0x0000000087f00000|  0%| F|  |TAMS 0x0000000087e00000| PB 0x0000000087e00000| Untracked 
| 105|0x0000000087f00000, 0x0000000087f00000, 0x0000000088000000|  0%| F|  |TAMS 0x0000000087f00000| PB 0x0000000087f00000| Untracked 
| 106|0x0000000088000000, 0x0000000088000000, 0x0000000088100000|  0%| F|  |TAMS 0x0000000088000000| PB 0x0000000088000000| Untracked 
| 107|0x0000000088100000, 0x0000000088100000, 0x0000000088200000|  0%| F|  |TAMS 0x0000000088100000| PB 0x0000000088100000| Untracked 
| 108|0x0000000088200000, 0x0000000088200000, 0x0000000088300000|  0%| F|  |TAMS 0x0000000088200000| PB 0x0000000088200000| Untracked 
| 109|0x0000000088300000, 0x0000000088300000, 0x0000000088400000|  0%| F|  |TAMS 0x0000000088300000| PB 0x0000000088300000| Untracked 
| 110|0x0000000088400000, 0x0000000088400000, 0x0000000088500000|  0%| F|  |TAMS 0x0000000088400000| PB 0x0000000088400000| Untracked 
| 111|0x0000000088500000, 0x0000000088500000, 0x0000000088600000|  0%| F|  |TAMS 0x0000000088500000| PB 0x0000000088500000| Untracked 
| 112|0x0000000088600000, 0x0000000088600000, 0x0000000088700000|  0%| F|  |TAMS 0x0000000088600000| PB 0x0000000088600000| Untracked 
| 113|0x0000000088700000, 0x0000000088800000, 0x0000000088800000|100%| S|CS|TAMS 0x0000000088700000| PB 0x0000000088700000| Complete 
| 114|0x0000000088800000, 0x0000000088900000, 0x0000000088900000|100%| S|CS|TAMS 0x0000000088800000| PB 0x0000000088800000| Complete 
| 115|0x0000000088900000, 0x0000000088900000, 0x0000000088a00000|  0%| F|  |TAMS 0x0000000088900000| PB 0x0000000088900000| Untracked 
| 116|0x0000000088a00000, 0x0000000088a00000, 0x0000000088b00000|  0%| F|  |TAMS 0x0000000088a00000| PB 0x0000000088a00000| Untracked 
| 117|0x0000000088b00000, 0x0000000088b00000, 0x0000000088c00000|  0%| F|  |TAMS 0x0000000088b00000| PB 0x0000000088b00000| Untracked 
| 118|0x0000000088c00000, 0x0000000088c00000, 0x0000000088d00000|  0%| F|  |TAMS 0x0000000088c00000| PB 0x0000000088c00000| Untracked 
| 119|0x0000000088d00000, 0x0000000088d00000, 0x0000000088e00000|  0%| F|  |TAMS 0x0000000088d00000| PB 0x0000000088d00000| Untracked 
| 120|0x0000000088e00000, 0x0000000088e00000, 0x0000000088f00000|  0%| F|  |TAMS 0x0000000088e00000| PB 0x0000000088e00000| Untracked 
| 121|0x0000000088f00000, 0x0000000088f00000, 0x0000000089000000|  0%| F|  |TAMS 0x0000000088f00000| PB 0x0000000088f00000| Untracked 
| 122|0x0000000089000000, 0x0000000089000000, 0x0000000089100000|  0%| F|  |TAMS 0x0000000089000000| PB 0x0000000089000000| Untracked 
| 123|0x0000000089100000, 0x0000000089100000, 0x0000000089200000|  0%| F|  |TAMS 0x0000000089100000| PB 0x0000000089100000| Untracked 
| 124|0x0000000089200000, 0x0000000089238d30, 0x0000000089300000| 22%| E|  |TAMS 0x0000000089200000| PB 0x0000000089200000| Complete 
| 125|0x0000000089300000, 0x0000000089400000, 0x0000000089400000|100%| E|CS|TAMS 0x0000000089300000| PB 0x0000000089300000| Complete 
| 126|0x0000000089400000, 0x0000000089500000, 0x0000000089500000|100%| E|CS|TAMS 0x0000000089400000| PB 0x0000000089400000| Complete 
| 127|0x0000000089500000, 0x0000000089600000, 0x0000000089600000|100%| E|CS|TAMS 0x0000000089500000| PB 0x0000000089500000| Complete 

Card table byte_map: [0x0000023bc0e40000,0x0000023bc1240000] _byte_map_base: 0x0000023bc0a35000

Marking Bits: (CMBitMap*) 0x0000023ba77db4b0
 Bits: [0x0000023bc1240000, 0x0000023bc31e8000)

Polling page: 0x0000023ba7610000

Metaspace:

Usage:
  Non-class:      3.22 MB used.
      Class:    348.49 KB used.
       Both:      3.56 MB used.

Virtual space:
  Non-class space:       64.00 MB reserved,       3.31 MB (  5%) committed,  1 nodes.
      Class space:        1.00 GB reserved,     448.00 KB ( <1%) committed,  1 nodes.
             Both:        1.06 GB reserved,       3.75 MB ( <1%) committed. 

Chunk freelists:
   Non-Class:  10.79 MB
       Class:  15.55 MB
        Both:  26.34 MB

MaxMetaspaceSize: unlimited
CompressedClassSpaceSize: 1.00 GB
Initial GC threshold: 21.00 MB
Current GC threshold: 21.00 MB
CDS: on
 - commit_granule_bytes: 65536.
 - commit_granule_words: 8192.
 - virtual_space_node_default_size: 8388608.
 - enlarge_chunks_in_place: 1.
 - use_allocation_guard: 0.


Internal statistics:

num_allocs_failed_limit: 0.
num_arena_births: 106.
num_arena_deaths: 0.
num_vsnodes_births: 2.
num_vsnodes_deaths: 0.
num_space_committed: 60.
num_space_uncommitted: 0.
num_chunks_returned_to_freelist: 0.
num_chunks_taken_from_freelist: 205.
num_chunk_merges: 0.
num_chunk_splits: 120.
num_chunks_enlarged: 52.
num_inconsistent_stats: 0.

CodeHeap 'non-profiled nmethods': size=120000Kb used=343Kb max_used=343Kb free=119656Kb
 bounds [0x0000023bb8ef0000, 0x0000023bb9160000, 0x0000023bc0420000]
CodeHeap 'profiled nmethods': size=120000Kb used=1461Kb max_used=1461Kb free=118538Kb
 bounds [0x0000023bb1420000, 0x0000023bb1690000, 0x0000023bb8950000]
CodeHeap 'non-nmethods': size=5760Kb used=1353Kb max_used=1382Kb free=4406Kb
 bounds [0x0000023bb8950000, 0x0000023bb8bc0000, 0x0000023bb8ef0000]
 total_blobs=1359 nmethods=900 adapters=364
 compilation: enabled
              stopped_count=0, restarted_count=0
 full_count=0

Compilation events (20 events):
Event: 1.447 Thread 0x0000023bc57ddad0  853       3       jdk.internal.org.objectweb.asm.Frame::getLocal (46 bytes)
Event: 1.447 Thread 0x0000023bc57ddad0 nmethod 853 0x0000023bb1576790 code [0x0000023bb1576940, 0x0000023bb1576b60]
Event: 1.447 Thread 0x0000023bc57ddad0  859       3       java.lang.invoke.MemberName::checkForTypeAlias (172 bytes)
Event: 1.449 Thread 0x0000023bc57ddad0 nmethod 859 0x0000023bb1576c10 code [0x0000023bb1577060, 0x0000023bb1578c78]
Event: 1.449 Thread 0x0000023bc57ddad0  860       3       java.lang.invoke.MethodType::genericMethodType (95 bytes)
Event: 1.450 Thread 0x0000023bc57dc410  865       4       jdk.internal.jimage.ImageStringsReader::unmaskedHashCode (166 bytes)
Event: 1.450 Thread 0x0000023bc57ddad0 nmethod 860 0x0000023bb1579490 code [0x0000023bb1579740, 0x0000023bb157a410]
Event: 1.450 Thread 0x0000023bc57ddad0  864       3       jdk.internal.module.SystemModuleFinders$SystemImage::reader (4 bytes)
Event: 1.451 Thread 0x0000023bc57ddad0 nmethod 864 0x0000023bb157a810 code [0x0000023bb157a9a0, 0x0000023bb157aa98]
Event: 1.451 Thread 0x0000023bc57ddad0  862       3       jdk.internal.org.objectweb.asm.Handler::getExceptionTableLength (21 bytes)
Event: 1.451 Thread 0x0000023bc57ddad0 nmethod 862 0x0000023bb157ab10 code [0x0000023bb157acc0, 0x0000023bb157ae60]
Event: 1.451 Thread 0x0000023bc57ddad0  855       3       java.lang.invoke.MethodHandle::<init> (37 bytes)
Event: 1.451 Thread 0x0000023bc57ddad0 nmethod 855 0x0000023bb157af90 code [0x0000023bb157b1a0, 0x0000023bb157b720]
Event: 1.451 Thread 0x0000023bc57ddad0  856       3       java.lang.invoke.LambdaForm::prepare (108 bytes)
Event: 1.453 Thread 0x0000023bc57ddad0 nmethod 856 0x0000023bb157b990 code [0x0000023bb157bbe0, 0x0000023bb157c3d0]
Event: 1.453 Thread 0x0000023bc57ddad0  861       1       jdk.internal.org.objectweb.asm.MethodWriter::hasAsmInstructions (5 bytes)
Event: 1.453 Thread 0x0000023bc57ddad0 nmethod 861 0x0000023bb8f42490 code [0x0000023bb8f42620, 0x0000023bb8f426f0]
Event: 1.453 Thread 0x0000023bc57ddad0  866       1       java.util.zip.ZipEntry::getName (5 bytes)
Event: 1.453 Thread 0x0000023bc57ddad0 nmethod 866 0x0000023bb8f42790 code [0x0000023bb8f42920, 0x0000023bb8f429e8]
Event: 1.454 Thread 0x0000023bc57dc410 nmethod 865 0x0000023bb8f42a90 code [0x0000023bb8f42c40, 0x0000023bb8f42e28]

GC Heap History (2 events):
Event: 1.279 GC heap before
{Heap before GC invocations=0 (full 0):
 garbage-first heap   total 131072K, used 16384K [0x0000000081600000, 0x0000000100000000)
  region size 1024K, 13 young (13312K), 0 survivors (0K)
 Metaspace       used 2781K, committed 2944K, reserved 1114112K
  class space    used 232K, committed 320K, reserved 1048576K
}
Event: 1.287 GC heap after
{Heap after GC invocations=1 (full 0):
 garbage-first heap   total 131072K, used 9301K [0x0000000081600000, 0x0000000100000000)
  region size 1024K, 2 young (2048K), 2 survivors (2048K)
 Metaspace       used 2781K, committed 2944K, reserved 1114112K
  class space    used 232K, committed 320K, reserved 1048576K
}

Dll operation events (10 events):
Event: 0.021 Loaded shared library C:\Program Files\Java\jdk-21\bin\java.dll
Event: 0.097 Loaded shared library C:\Program Files\Java\jdk-21\bin\jsvml.dll
Event: 0.436 Loaded shared library C:\Program Files\Java\jdk-21\bin\zip.dll
Event: 0.444 Loaded shared library C:\Program Files\Java\jdk-21\bin\instrument.dll
Event: 0.459 Loaded shared library C:\Program Files\Java\jdk-21\bin\net.dll
Event: 0.463 Loaded shared library C:\Program Files\Java\jdk-21\bin\nio.dll
Event: 0.471 Loaded shared library C:\Program Files\Java\jdk-21\bin\zip.dll
Event: 0.777 Loaded shared library C:\Program Files\Java\jdk-21\bin\jimage.dll
Event: 0.967 Loaded shared library C:\Program Files\JetBrains\IntelliJ IDEA Community Edition 2024.1\bin\breakgen64.dll
Event: 0.989 Loaded shared library C:\Program Files\Java\jdk-21\bin\extnet.dll

Deoptimization events (20 events):
Event: 1.174 Thread 0x0000023ba77816b0 DEOPT PACKING pc=0x0000023bb1430f49 sp=0x000000b0c48fc890
Event: 1.174 Thread 0x0000023ba77816b0 DEOPT UNPACKING pc=0x0000023bb89a4e42 sp=0x000000b0c48fbd30 mode 0
Event: 1.192 Thread 0x0000023ba77816b0 Uncommon trap: trap_request=0xffffff6e fr.pc=0x0000023bb8f20188 relative=0x0000000000000168
Event: 1.192 Thread 0x0000023ba77816b0 Uncommon trap: reason=loop_limit_check action=maybe_recompile pc=0x0000023bb8f20188 method=java.lang.StringLatin1.lastIndexOf([BII)I @ 19 c2
Event: 1.192 Thread 0x0000023ba77816b0 DEOPT PACKING pc=0x0000023bb8f20188 sp=0x000000b0c48fcde0
Event: 1.192 Thread 0x0000023ba77816b0 DEOPT UNPACKING pc=0x0000023bb89a46a2 sp=0x000000b0c48fcd60 mode 2
Event: 1.287 Thread 0x0000023bc57d1f90 Uncommon trap: trap_request=0xffffff45 fr.pc=0x0000023bb8f27060 relative=0x0000000000000040
Event: 1.287 Thread 0x0000023bc57d1f90 Uncommon trap: reason=unstable_if action=reinterpret pc=0x0000023bb8f27060 method=java.util.concurrent.locks.AbstractQueuedSynchronizer.signalNext(Ljava/util/concurrent/locks/AbstractQueuedSynchronizer$Node;)V @ 1 c2
Event: 1.287 Thread 0x0000023bc57d1f90 DEOPT PACKING pc=0x0000023bb8f27060 sp=0x000000b0c51ff100
Event: 1.287 Thread 0x0000023bc57d1f90 DEOPT UNPACKING pc=0x0000023bb89a46a2 sp=0x000000b0c51ff090 mode 2
Event: 1.296 Thread 0x0000023ba77816b0 DEOPT PACKING pc=0x0000023bb14d88f7 sp=0x000000b0c48fdad0
Event: 1.296 Thread 0x0000023ba77816b0 DEOPT UNPACKING pc=0x0000023bb89a4e42 sp=0x000000b0c48fcf20 mode 0
Event: 1.330 Thread 0x0000023ba77816b0 Uncommon trap: trap_request=0xffffff45 fr.pc=0x0000023bb8f178d8 relative=0x0000000000000af8
Event: 1.330 Thread 0x0000023ba77816b0 Uncommon trap: reason=unstable_if action=reinterpret pc=0x0000023bb8f178d8 method=java.util.HashMap.hash(Ljava/lang/Object;)I @ 1 c2
Event: 1.330 Thread 0x0000023ba77816b0 DEOPT PACKING pc=0x0000023bb8f178d8 sp=0x000000b0c48fd450
Event: 1.330 Thread 0x0000023ba77816b0 DEOPT UNPACKING pc=0x0000023bb89a46a2 sp=0x000000b0c48fd400 mode 2
Event: 1.415 Thread 0x0000023ba77816b0 DEOPT PACKING pc=0x0000023bb14e3bbc sp=0x000000b0c48fe030
Event: 1.415 Thread 0x0000023ba77816b0 DEOPT UNPACKING pc=0x0000023bb89a4e42 sp=0x000000b0c48fd4c0 mode 0
Event: 1.416 Thread 0x0000023ba77816b0 DEOPT PACKING pc=0x0000023bb14e3bbc sp=0x000000b0c48fe030
Event: 1.416 Thread 0x0000023ba77816b0 DEOPT UNPACKING pc=0x0000023bb89a4e42 sp=0x000000b0c48fd4c0 mode 0

Classes loaded (20 events):
Event: 1.393 Loading class java/lang/IllegalAccessError
Event: 1.393 Loading class java/lang/IllegalAccessError done
Event: 1.411 Loading class java/util/IdentityHashMap$EntrySet
Event: 1.412 Loading class java/util/IdentityHashMap$EntrySet done
Event: 1.412 Loading class java/util/IdentityHashMap$EntryIterator
Event: 1.412 Loading class java/util/IdentityHashMap$EntryIterator done
Event: 1.412 Loading class java/util/IdentityHashMap$EntryIterator$Entry
Event: 1.412 Loading class java/util/IdentityHashMap$EntryIterator$Entry done
Event: 1.413 Loading class java/util/IdentityHashMap$ValueIterator
Event: 1.413 Loading class java/util/IdentityHashMap$ValueIterator done
Event: 1.414 Loading class java/io/Externalizable
Event: 1.414 Loading class java/io/Externalizable done
Event: 1.457 Loading class java/net/URISyntaxException
Event: 1.457 Loading class java/net/URISyntaxException done
Event: 1.458 Loading class java/nio/file/NoSuchFileException
Event: 1.458 Loading class java/nio/file/FileSystemException
Event: 1.458 Loading class java/nio/file/FileSystemException done
Event: 1.458 Loading class java/nio/file/NoSuchFileException done
Event: 1.458 Loading class java/io/UncheckedIOException
Event: 1.458 Loading class java/io/UncheckedIOException done

Classes unloaded (0 events):
No events

Classes redefined (0 events):
No events

Internal exceptions (10 events):
Event: 0.815 Thread 0x0000023bc57d6d80 Exception <a 'java/lang/NoSuchMethodError'{0x0000000088d4a6d0}: 'java.lang.Object java.lang.invoke.Invokers$Holder.invokeExact_MT(java.lang.Object, java.lang.Object, java.lang.Object, java.lang.Object, java.lang.Object, java.lang.Object)'> (0x0000000088d4a6d0) 
thrown [s\open\src\hotspot\share\interpreter\linkResolver.cpp, line 773]
Event: 0.947 Thread 0x0000023ba77816b0 Exception <a 'java/lang/NoSuchMethodError'{0x0000000088ce4918}: 'void java.lang.invoke.DirectMethodHandle$Holder.invokeStatic(java.lang.Object, java.lang.Object, java.lang.Object)'> (0x0000000088ce4918) 
thrown [s\open\src\hotspot\share\interpreter\linkResolver.cpp, line 773]
Event: 0.956 Thread 0x0000023ba77816b0 Exception <a 'java/lang/NoSuchMethodError'{0x0000000088cfb998}: 'java.lang.Object java.lang.invoke.Invokers$Holder.invokeExact_MT(java.lang.Object, java.lang.Object, java.lang.Object, java.lang.Object, java.lang.Object)'> (0x0000000088cfb998) 
thrown [s\open\src\hotspot\share\interpreter\linkResolver.cpp, line 773]
Event: 0.992 Thread 0x0000023c0b0f6d00 Exception <a 'java/lang/NoSuchMethodError'{0x0000000088b4af40}: 'void java.lang.invoke.DirectMethodHandle$Holder.invokeStatic(java.lang.Object, java.lang.Object)'> (0x0000000088b4af40) 
thrown [s\open\src\hotspot\share\interpreter\linkResolver.cpp, line 773]
Event: 1.201 Thread 0x0000023ba77816b0 Exception <a 'java/lang/ClassNotFoundException'{0x00000000889463f0}: javax/smartcardio/CardPermission> (0x00000000889463f0) 
thrown [s\open\src\hotspot\share\classfile\systemDictionary.cpp, line 312]
Event: 1.208 Thread 0x0000023ba77816b0 Exception <a 'java/io/FileNotFoundException'{0x0000000088954bf8}> (0x0000000088954bf8) 
thrown [s\open\src\hotspot\share\prims\jni.cpp, line 520]
Event: 1.269 Thread 0x0000023ba77816b0 Exception <a 'java/lang/NoSuchMethodError'{0x00000000889de740}: 'java.lang.Object java.lang.invoke.DirectMethodHandle$Holder.invokeSpecial(java.lang.Object, java.lang.Object, java.lang.Object, long, java.lang.Object)'> (0x00000000889de740) 
thrown [s\open\src\hotspot\share\interpreter\linkResolver.cpp, line 773]
Event: 1.270 Thread 0x0000023ba77816b0 Exception <a 'java/lang/NoSuchMethodError'{0x00000000889e2090}: 'java.lang.Object java.lang.invoke.Invokers$Holder.linkToTargetMethod(java.lang.Object, long, java.lang.Object, java.lang.Object)'> (0x00000000889e2090) 
thrown [s\open\src\hotspot\share\interpreter\linkResolver.cpp, line 773]
Event: 1.330 Thread 0x0000023ba77816b0 Implicit null exception at 0x0000023bb8f16e2d to 0x0000023bb8f178c4
Event: 1.429 Thread 0x0000023ba77816b0 Exception <a 'java/lang/NoSuchMethodError'{0x00000000894ca850}: 'void java.lang.invoke.DirectMethodHandle$Holder.invokeStatic(java.lang.Object, java.lang.Object, java.lang.Object, java.lang.Object)'> (0x00000000894ca850) 
thrown [s\open\src\hotspot\share\interpreter\linkResolver.cpp, line 773]

ZGC Phase Switch (0 events):
No events

VM Operations (16 events):
Event: 0.398 Executing VM operation: HandshakeAllThreads (Deoptimize)
Event: 0.398 Executing VM operation: HandshakeAllThreads (Deoptimize) done
Event: 0.794 Executing VM operation: HandshakeAllThreads (Deoptimize)
Event: 0.794 Executing VM operation: HandshakeAllThreads (Deoptimize) done
Event: 0.817 Executing VM operation: HandshakeAllThreads (Deoptimize)
Event: 0.817 Executing VM operation: HandshakeAllThreads (Deoptimize) done
Event: 0.974 Executing VM operation: HandshakeAllThreads (Deoptimize)
Event: 0.974 Executing VM operation: HandshakeAllThreads (Deoptimize) done
Event: 1.077 Executing VM operation: HandshakeAllThreads (Deoptimize)
Event: 1.077 Executing VM operation: HandshakeAllThreads (Deoptimize) done
Event: 1.077 Executing VM operation: Cleanup
Event: 1.078 Executing VM operation: Cleanup done
Event: 1.090 Executing VM operation: HandshakeAllThreads (Deoptimize)
Event: 1.090 Executing VM operation: HandshakeAllThreads (Deoptimize) done
Event: 1.279 Executing VM operation: G1CollectForAllocation (G1 Evacuation Pause)
Event: 1.287 Executing VM operation: G1CollectForAllocation (G1 Evacuation Pause) done

Events (13 events):
Event: 0.057 Thread 0x0000023ba77816b0 Thread added: 0x0000023ba77816b0
Event: 0.088 Thread 0x0000023bc57d1f90 Thread added: 0x0000023bc57d1f90
Event: 0.089 Thread 0x0000023bc57d2c70 Thread added: 0x0000023bc57d2c70
Event: 0.089 Thread 0x0000023bc57d6710 Thread added: 0x0000023bc57d6710
Event: 0.089 Thread 0x0000023bc57d6d80 Thread added: 0x0000023bc57d6d80
Event: 0.089 Thread 0x0000023bc57d73f0 Thread added: 0x0000023bc57d73f0
Event: 0.089 Thread 0x0000023bc57dba70 Thread added: 0x0000023bc57dba70
Event: 0.090 Thread 0x0000023bc57dc410 Thread added: 0x0000023bc57dc410
Event: 0.093 Thread 0x0000023bc57ddad0 Thread added: 0x0000023bc57ddad0
Event: 0.359 Thread 0x0000023bc582e6e0 Thread added: 0x0000023bc582e6e0
Event: 0.969 Thread 0x0000023c0b0f6d00 Thread added: 0x0000023c0b0f6d00
Event: 0.969 Thread 0x0000023bc5bb58f0 Thread added: 0x0000023bc5bb58f0
Event: 1.184 Thread 0x0000023c0b40c7d0 Thread added: 0x0000023c0b40c7d0


Dynamic libraries:
0x00007ff6628b0000 - 0x00007ff6628c0000 	C:\Program Files\Java\jdk-21\bin\java.exe
0x00007ffdf8b50000 - 0x00007ffdf8d48000 	C:\Windows\SYSTEM32\ntdll.dll
0x00007ffdf6d30000 - 0x00007ffdf6df2000 	C:\Windows\System32\KERNEL32.DLL
0x00007ffdf6390000 - 0x00007ffdf668f000 	C:\Windows\System32\KERNELBASE.dll
0x00007ffdf6890000 - 0x00007ffdf6990000 	C:\Windows\System32\ucrtbase.dll
0x00007ffdd05e0000 - 0x00007ffdd05f9000 	C:\Program Files\Java\jdk-21\bin\jli.dll
0x00007ffdf78c0000 - 0x00007ffdf796f000 	C:\Windows\System32\ADVAPI32.dll
0x00007ffdf85a0000 - 0x00007ffdf863e000 	C:\Windows\System32\msvcrt.dll
0x00007ffdf8670000 - 0x00007ffdf870f000 	C:\Windows\System32\sechost.dll
0x00007ffdf76b0000 - 0x00007ffdf77d3000 	C:\Windows\System32\RPCRT4.dll
0x00007ffdf6220000 - 0x00007ffdf6247000 	C:\Windows\System32\bcrypt.dll
0x00007ffdf7d90000 - 0x00007ffdf7f2d000 	C:\Windows\System32\USER32.dll
0x00007ffdf61f0000 - 0x00007ffdf6212000 	C:\Windows\System32\win32u.dll
0x00007ffdf8510000 - 0x00007ffdf853b000 	C:\Windows\System32\GDI32.dll
0x00007ffdf6a50000 - 0x00007ffdf6b6a000 	C:\Windows\System32\gdi32full.dll
0x00007ffdf6690000 - 0x00007ffdf672d000 	C:\Windows\System32\msvcp_win.dll
0x00007ffdd00a0000 - 0x00007ffdd00bb000 	C:\Program Files\Java\jdk-21\bin\VCRUNTIME140.dll
0x00007ffde7120000 - 0x00007ffde73ba000 	C:\Windows\WinSxS\amd64_microsoft.windows.common-controls_6595b64144ccf1df_6.0.19041.4355_none_60b8b9eb71f62e16\COMCTL32.dll
0x00007ffdea3a0000 - 0x00007ffdea3aa000 	C:\Windows\SYSTEM32\VERSION.dll
0x00007ffdf8640000 - 0x00007ffdf866f000 	C:\Windows\System32\IMM32.DLL
0x00007ffdf0cb0000 - 0x00007ffdf0cbc000 	C:\Program Files\Java\jdk-21\bin\vcruntime140_1.dll
0x00007ffd91db0000 - 0x00007ffd91e3e000 	C:\Program Files\Java\jdk-21\bin\msvcp140.dll
0x00007ffd6f530000 - 0x00007ffd7023d000 	C:\Program Files\Java\jdk-21\bin\server\jvm.dll
0x00007ffdf83b0000 - 0x00007ffdf841b000 	C:\Windows\System32\WS2_32.dll
0x00007ffdf5740000 - 0x00007ffdf578b000 	C:\Windows\SYSTEM32\POWRPROF.dll
0x00007ffdde210000 - 0x00007ffdde237000 	C:\Windows\SYSTEM32\WINMM.dll
0x00007ffdf55b0000 - 0x00007ffdf55c2000 	C:\Windows\SYSTEM32\UMPDC.dll
0x00007ffdf49d0000 - 0x00007ffdf49e2000 	C:\Windows\SYSTEM32\kernel.appcore.dll
0x00007ffdf0bf0000 - 0x00007ffdf0bfa000 	C:\Program Files\Java\jdk-21\bin\jimage.dll
0x00007ffddb4b0000 - 0x00007ffddb694000 	C:\Windows\SYSTEM32\DBGHELP.DLL
0x00007ffddb470000 - 0x00007ffddb4a4000 	C:\Windows\SYSTEM32\dbgcore.DLL
0x00007ffdf6250000 - 0x00007ffdf62d2000 	C:\Windows\System32\bcryptPrimitives.dll
0x00007ffdeb370000 - 0x00007ffdeb37f000 	C:\Program Files\Java\jdk-21\bin\instrument.dll
0x00007ffdc03d0000 - 0x00007ffdc03ef000 	C:\Program Files\Java\jdk-21\bin\java.dll
0x00007ffdf6e20000 - 0x00007ffdf758d000 	C:\Windows\System32\SHELL32.dll
0x00007ffdf4210000 - 0x00007ffdf49b4000 	C:\Windows\SYSTEM32\windows.storage.dll
0x00007ffdf7a30000 - 0x00007ffdf7d85000 	C:\Windows\System32\combase.dll
0x00007ffdf5b40000 - 0x00007ffdf5b6f000 	C:\Windows\SYSTEM32\Wldp.dll
0x00007ffdf6c50000 - 0x00007ffdf6d1d000 	C:\Windows\System32\OLEAUT32.dll
0x00007ffdf7970000 - 0x00007ffdf7a1d000 	C:\Windows\System32\SHCORE.dll
0x00007ffdf7590000 - 0x00007ffdf75e5000 	C:\Windows\System32\shlwapi.dll
0x00007ffdf6120000 - 0x00007ffdf6144000 	C:\Windows\SYSTEM32\profapi.dll
0x00007ffd91cd0000 - 0x00007ffd91da7000 	C:\Program Files\Java\jdk-21\bin\jsvml.dll
0x00007ffdc0390000 - 0x00007ffdc03a8000 	C:\Program Files\Java\jdk-21\bin\zip.dll
0x00007ffde4270000 - 0x00007ffde4280000 	C:\Program Files\Java\jdk-21\bin\net.dll
0x00007ffded980000 - 0x00007ffdeda8a000 	C:\Windows\SYSTEM32\WINHTTP.dll
0x00007ffdf5920000 - 0x00007ffdf598c000 	C:\Windows\system32\mswsock.dll
0x00007ffdc03b0000 - 0x00007ffdc03c6000 	C:\Program Files\Java\jdk-21\bin\nio.dll
0x00007ffdcfea0000 - 0x00007ffdcfeba000 	C:\Program Files\JetBrains\IntelliJ IDEA Community Edition 2024.1\bin\breakgen64.dll
0x00007ffde0d30000 - 0x00007ffde0d39000 	C:\Program Files\Java\jdk-21\bin\extnet.dll

dbghelp: loaded successfully - version: 4.0.5 - missing functions: none
symbol engine: initialized successfully - sym options: 0x614 - pdb path: .;C:\Program Files\Java\jdk-21\bin;C:\Windows\SYSTEM32;C:\Windows\WinSxS\amd64_microsoft.windows.common-controls_6595b64144ccf1df_6.0.19041.4355_none_60b8b9eb71f62e16;C:\Program Files\Java\jdk-21\bin\server;C:\Program Files\JetBrains\IntelliJ IDEA Community Edition 2024.1\bin

VM Arguments:
jvm_args: -javaagent:C:\Program Files\JetBrains\IntelliJ IDEA Community Edition 2024.1\lib\idea_rt.jar=65065:C:\Program Files\JetBrains\IntelliJ IDEA Community Edition 2024.1\bin -Dfile.encoding=UTF-8 -Dsun.stdout.encoding=UTF-8 -Dsun.stderr.encoding=UTF-8 
java_command: com.example.Transaction_Service.TransactionServiceApplication
java_class_path (initial): C:\Users\loubna\Desktop\Stage_pfe\Transaction_Service\Transaction_Service\target\classes;C:\Users\loubna\.m2\repository\org\springframework\boot\spring-boot-starter-data-jpa\3.4.3\spring-boot-starter-data-jpa-3.4.3.jar;C:\Users\loubna\.m2\repository\org\springframework\boot\spring-boot-starter\3.4.3\spring-boot-starter-3.4.3.jar;C:\Users\loubna\.m2\repository\org\springframework\boot\spring-boot\3.4.3\spring-boot-3.4.3.jar;C:\Users\loubna\.m2\repository\org\springframework\boot\spring-boot-autoconfigure\3.4.3\spring-boot-autoconfigure-3.4.3.jar;C:\Users\loubna\.m2\repository\org\springframework\boot\spring-boot-starter-logging\3.4.3\spring-boot-starter-logging-3.4.3.jar;C:\Users\loubna\.m2\repository\ch\qos\logback\logback-classic\1.5.16\logback-classic-1.5.16.jar;C:\Users\loubna\.m2\repository\ch\qos\logback\logback-core\1.5.16\logback-core-1.5.16.jar;C:\Users\loubna\.m2\repository\org\apache\logging\log4j\log4j-to-slf4j\2.24.3\log4j-to-slf4j-2.24.3.jar;C:\Users\loubna\.m2\repository\org\apache\logging\log4j\log4j-api\2.24.3\log4j-api-2.24.3.jar;C:\Users\loubna\.m2\repository\org\slf4j\jul-to-slf4j\2.0.16\jul-to-slf4j-2.0.16.jar;C:\Users\loubna\.m2\repository\jakarta\annotation\jakarta.annotation-api\2.1.1\jakarta.annotation-api-2.1.1.jar;C:\Users\loubna\.m2\repository\org\yaml\snakeyaml\2.3\snakeyaml-2.3.jar;C:\Users\loubna\.m2\repository\org\springframework\boot\spring-boot-starter-jdbc\3.4.3\spring-boot-starter-jdbc-3.4.3.jar;C:\Users\loubna\.m2\repository\com\zaxxer\HikariCP\5.1.0\HikariCP-5.1.0.jar;C:\Users\loubna\.m2\repository\org\springframework\spring-jdbc\6.2.3\spring-jdbc-6.2.3.jar;C:\Users\loubna\.m2\repository\org\hibernate\orm\hibernate-core\6.6.8.Final\hibernate-core-6.6.8.Final.jar;C:\Users\loubna\.m2\repository\jakarta\persistence\jakarta.persistence-api\3.1.0\jakarta.persistence-api-3.1.0.jar;C:\Users\loubna\.m2\repository\jakarta\transaction\jakarta.transaction-api\2.0.1\jakarta.transaction-api-2.0.1.jar;C:\Users\loubna\.m2\repository\org\jboss\logging\jboss-logging\3.6.1.Final\jboss-logging-3.6.1.Final.jar;C:\Users\loubna\.m2\repository\org\hibernate\common\hibernate-commons-annotations\7.0.3.Final\hibernate-commons-annotations-7.0.3.Final.jar;C:\Users\loubna\.m2\repository\io\smallrye\jandex\3.2.0\jandex-3.2.0.jar;C:\Users\loubna\.m2\repository\com\fasterxml\classmate\1.7.0\classmate-1.7.0.jar;C:\Users\loubna\.m2\repository\net\bytebuddy\byte-buddy\1.15.11\byte-buddy-1.15.11.jar;C:\Users\loubna\.m2\repository\org\glassfish\jaxb\jaxb-runtime\4.0.5\jaxb-runtime-4.0.5.jar;C:\Users\loubna\.m2\repository\org\glassfish\jaxb\jaxb-core\4.0.5\jaxb-core-4.0.5.jar;C:\Users\loubna\.m2\repository\org\eclipse\angus\angus-activation\2.0.2\angus-activation-2.0.2.jar;C:\Users\loubna\.m2\repository\org\glassfish\jaxb\txw2\4.0.5\txw2-4.0.5.jar;C:\Users\loubna\.m2\repository\com\sun\istack\istack-commons-runtime\4.1.2\istack-commons-runtime-4.1.2.jar;C:\Users\loubna\.m2\repository\jakarta\inject\jakarta.inject-api\2.0.1\jakarta.inject-api-2.0.1.jar;C:\Users\loubna\.m2\repository\org\antlr\antlr4-runtime\4.13.0\antlr4-runtime-4.13.0.jar;C:\Users\loubna\.m2\repository\org\springframework\data\spring-data-jpa\3.4.3\spring-data-jpa-3.4.3.jar;C:\Users\loubna\.m2\repository\org\springframework\data\spring-data-commons\3.4.3\spring-data-commons-3.4.3.jar;C:\Users\loubna\.m2\repository\org\springframework\spring-orm\6.2.3\spring-orm-6.2.3.jar;C:\Users\loubna\.m2\repository\org\springframework\spring-context\6.2.3\spring-context-6.2.3.jar;C:\Users\loubna\.m2\repository\org\springframework\spring-aop\6.2.3\spring-aop-6.2.3.jar;C:\Users\loubna\.m2\repository\org\springframework\spring-tx\6.2.3\spring-tx-6.2.3.jar;C:\Users\loubna\.m2\repository\org\springframework\spring-beans\6.2.3\spring-beans-6.2.3.jar;C:\Users\loubna\.m2\repository\org\slf4j\slf4j-api\2.0.16\slf4j-api-2.0.16.jar;C:\Users\loubna\.m2\repository\org\springframework\spring-aspects\6.2.3\spring-aspects-6.2.3.jar;C:\Users\loubna\.m2\repository\org\aspectj\aspectjweaver\1.9.22.1\aspectjweaver-1.9.22.1.jar;C:\Users\loubna\.m2\repository\org\springframework\boot\spring-boot-starter-web\3.4.3\spring-boot-starter-web-3.4.3.jar;C:\Users\loubna\.m2\repository\org\springframework\boot\spring-boot-starter-json\3.4.3\spring-boot-starter-json-3.4.3.jar;C:\Users\loubna\.m2\repository\com\fasterxml\jackson\core\jackson-databind\2.18.2\jackson-databind-2.18.2.jar;C:\Users\loubna\.m2\repository\com\fasterxml\jackson\datatype\jackson-datatype-jdk8\2.18.2\jackson-datatype-jdk8-2.18.2.jar;C:\Users\loubna\.m2\repository\com\fasterxml\jackson\datatype\jackson-datatype-jsr310\2.18.2\jackson-datatype-jsr310-2.18.2.jar;C:\Users\loubna\.m2\repository\com\fasterxml\jackson\module\jackson-module-parameter-names\2.18.2\jackson-module-parameter-names-2.18.2.jar;C:\Users\loubna\.m2\repository\org\springframework\boot\spring-boot-starter-tomcat\3.4.3\spring-boot-starter-tomcat-3.4.3.jar;C:\Users\loubna\.m2\repository\org\apache\tomcat\embed\tomcat-embed-core\10.1.36\tomcat-embed-core-10.1.36.jar;C:\Users\loubna\.m2\repository\org\apache\tomcat\embed\tomcat-embed-el\10.1.36\tomcat-embed-el-10.1.36.jar;C:\Users\loubna\.m2\repository\org\apache\tomcat\embed\tomcat-embed-websocket\10.1.36\tomcat-embed-websocket-10.1.36.jar;C:\Users\loubna\.m2\repository\org\springframework\spring-web\6.2.3\spring-web-6.2.3.jar;C:\Users\loubna\.m2\repository\io\micrometer\micrometer-observation\1.14.4\micrometer-observation-1.14.4.jar;C:\Users\loubna\.m2\repository\io\micrometer\micrometer-commons\1.14.4\micrometer-commons-1.14.4.jar;C:\Users\loubna\.m2\repository\org\springframework\spring-webmvc\6.2.3\spring-webmvc-6.2.3.jar;C:\Users\loubna\.m2\repository\org\springframework\spring-expression\6.2.3\spring-expression-6.2.3.jar;C:\Users\loubna\.m2\repository\org\springframework\cloud\spring-cloud-starter-netflix-eureka-client\4.2.0\spring-cloud-starter-netflix-eureka-client-4.2.0.jar;C:\Users\loubna\.m2\repository\org\springframework\cloud\spring-cloud-starter\4.2.0\spring-cloud-starter-4.2.0.jar;C:\Users\loubna\.m2\repository\org\springframework\cloud\spring-cloud-context\4.2.0\spring-cloud-context-4.2.0.jar;C:\Users\loubna\.m2\repository\org\bouncycastle\bcprov-jdk18on\1.78.1\bcprov-jdk18on-1.78.1.jar;C:\Users\loubna\.m2\repository\org\springframework\cloud\spring-cloud-netflix-eureka-client\4.2.0\spring-cloud-netflix-eureka-client-4.2.0.jar;C:\Users\loubna\.m2\repository\org\apache\httpcomponents\client5\httpclient5\5.4.2\httpclient5-5.4.2.jar;C:\Users\loubna\.m2\repository\org\apache\httpcomponents\core5\httpcore5\5.3.3\httpcore5-5.3.3.jar;C:\Users\loubna\.m2\repository\org\apache\httpcomponents\core5\httpcore5-h2\5.3.3\httpcore5-h2-5.3.3.jar;C:\Users\loubna\.m2\repository\com\netflix\eureka\eureka-client\2.0.4\eureka-client-2.0.4.jar;C:\Users\loubna\.m2\repository\com\thoughtworks\xstream\xstream\1.4.20\xstream-1.4.20.jar;C:\Users\loubna\.m2\repository\io\github\x-stream\mxparser\1.2.2\mxparser-1.2.2.jar;C:\Users\loubna\.m2\repository\xmlpull\xmlpull\1.1.3.1\xmlpull-1.1.3.1.jar;C:\Users\loubna\.m2\repository\jakarta\ws\rs\jakarta.ws.rs-api\3.1.0\jakarta.ws.rs-api-3.1.0.jar;C:\Users\loubna\.m2\repository\com\netflix\spectator\spectator-api\1.7.3\spectator-api-1.7.3.jar;C:\Users\loubna\.m2\repository\org\apache\httpcomponents\httpclient\4.5.3\httpclient-4.5.3.jar;C:\Users\loubna\.m2\repository\org\apache\httpcomponents\httpcore\4.4.16\httpcore-4.4.16.jar;C:\Users\loubna\.m2\repository\commons-codec\commons-codec\1.17.2\commons-codec-1.17.2.jar;C:\Users\loubna\.m2\repository\commons-configuration\commons-configuration\1.10\commons-configuration-1.10.jar;C:\Users\loubna\.m2\repository\commons-lang\commons-lang\2.6\commons-lang-2.6.jar;C:\Users\loubna\.m2\repository\com\fasterxml\jackson\core\jackson-annotations\2.18.2\jackson-annotations-2.18.2.jar;C:\Users\loubna\.m2\repository\com\fasterxml\jackson\core\jackson-core\2.18.2\jackson-core-2.18.2.jar;C:\Users\loubna\.m2\repository\com\netflix\netflix-commons\netflix-eventbus\0.3.0\netflix-eventbus-0.3.0.jar;C:\Users\loubna\.m2\repository\com\netflix\netflix-commons\netflix-infix\0.3.0\netflix-infix-0.3.0.jar;C:\Users\loubna\.m2\repository\commons-jxpath\commons-jxpath\1.3\commons-jxpath-1.3.jar;C:\Users\loubna\.m2\repository\joda-time\joda-time\2.3\joda-time-2.3.jar;C:\Users\loubna\.m2\repository\org\antlr\antlr-runtime\3.4\antlr-runtime-3.4.jar;C:\Users\loubna\.m2\repository\org\antlr\stringtemplate\3.2.1\stringtemplate-3.2.1.jar;C:\Users\loubna\.m2\repository\antlr\antlr\2.7.7\antlr-2.7.7.jar;C:\Users\loubna\.m2\repository\com\google\guava\guava\14.0.1\guava-14.0.1.jar;C:\Users\loubna\.m2\repository\com\google\code\gson\gson\2.11.0\gson-2.11.0.jar;C:\Users\loubna\.m2\repository\com\google\errorprone\error_prone_annotations\2.27.0\error_prone_annotations-2.27.0.jar;C:\Users\loubna\.m2\repository\com\netflix\servo\servo-core\0.5.3\servo-core-0.5.3.jar;C:\Users\loubna\.m2\repository\org\apache\commons\commons-math\2.2\commons-math-2.2.jar;C:\Users\loubna\.m2\repository\javax\annotation\javax.annotation-api\1.2\javax.annotation-api-1.2.jar;C:\Users\loubna\.m2\repository\org\codehaus\jettison\jettison\1.5.4\jettison-1.5.4.jar;C:\Users\loubna\.m2\repository\org\springframework\cloud\spring-cloud-starter-loadbalancer\4.2.0\spring-cloud-starter-loadbalancer-4.2.0.jar;C:\Users\loubna\.m2\repository\org\springframework\cloud\spring-cloud-loadbalancer\4.2.0\spring-cloud-loadbalancer-4.2.0.jar;C:\Users\loubna\.m2\repository\io\projectreactor\reactor-core\3.7.3\reactor-core-3.7.3.jar;C:\Users\loubna\.m2\repository\org\reactivestreams\reactive-streams\1.0.4\reactive-streams-1.0.4.jar;C:\Users\loubna\.m2\repository\io\projectreactor\addons\reactor-extra\3.5.2\reactor-extra-3.5.2.jar;C:\Users\loubna\.m2\repository\org\springframework\boot\spring-boot-starter-cache\3.4.3\spring-boot-starter-cache-3.4.3.jar;C:\Users\loubna\.m2\repository\org\springframework\spring-context-support\6.2.3\spring-context-support-6.2.3.jar;C:\Users\loubna\.m2\repository\com\stoyanr\evictor\1.0.0\evictor-1.0.0.jar;C:\Users\loubna\.m2\repository\org\springframework\cloud\spring-cloud-starter-openfeign\4.2.0\spring-cloud-starter-openfeign-4.2.0.jar;C:\Users\loubna\.m2\repository\org\springframework\cloud\spring-cloud-openfeign-core\4.2.0\spring-cloud-openfeign-core-4.2.0.jar;C:\Users\loubna\.m2\repository\io\github\openfeign\feign-form-spring\13.5\feign-form-spring-13.5.jar;C:\Users\loubna\.m2\repository\io\github\openfeign\feign-form\13.5\feign-form-13.5.jar;C:\Users\loubna\.m2\repository\commons-fileupload\commons-fileupload\1.5\commons-fileupload-1.5.jar;C:\Users\loubna\.m2\repository\commons-io\commons-io\2.11.0\commons-io-2.11.0.jar;C:\Users\loubna\.m2\repository\org\springframework\cloud\spring-cloud-commons\4.2.0\spring-cloud-commons-4.2.0.jar;C:\Users\loubna\.m2\repository\org\springframework\security\spring-security-crypto\6.4.3\spring-security-crypto-6.4.3.jar;C:\Users\loubna\.m2\repository\io\github\openfeign\feign-core\13.5\feign-core-13.5.jar;C:\Users\loubna\.m2\repository\io\github\openfeign\feign-slf4j\13.5\feign-slf4j-13.5.jar;C:\Users\loubna\.m2\repository\org\postgresql\postgresql\42.7.5\postgresql-42.7.5.jar;C:\Users\loubna\.m2\repository\org\checkerframework\checker-qual\3.48.3\checker-qual-3.48.3.jar;C:\Users\loubna\.m2\repository\org\projectlombok\lombok\1.18.36\lombok-1.18.36.jar;C:\Users\loubna\.m2\repository\jakarta\xml\bind\jakarta.xml.bind-api\4.0.2\jakarta.xml.bind-api-4.0.2.jar;C:\Users\loubna\.m2\repository\jakarta\activation\jakarta.activation-api\2.1.3\jakarta.activation-api-2.1.3.jar;C:\Users\loubna\.m2\repository\org\springframework\spring-core\6.2.3\spring-core-6.2.3.jar;C:\Users\loubna\.m2\repository\org\springframework\spring-jcl\6.2.3\spring-jcl-6.2.3.jar
Launcher Type: SUN_STANDARD

[Global flags]
     intx CICompilerCount                          = 3                                         {product} {ergonomic}
     uint ConcGCThreads                            = 1                                         {product} {ergonomic}
     uint G1ConcRefinementThreads                  = 4                                         {product} {ergonomic}
   size_t G1HeapRegionSize                         = 1048576                                   {product} {ergonomic}
    uintx GCDrainStackTargetSize                   = 64                                        {product} {ergonomic}
   size_t InitialHeapSize                          = 134217728                                 {product} {ergonomic}
   size_t MarkStackSize                            = 4194304                                   {product} {ergonomic}
   size_t MaxHeapSize                              = 2124414976                                {product} {ergonomic}
   size_t MaxNewSize                               = 1274019840                                {product} {ergonomic}
   size_t MinHeapDeltaBytes                        = 1048576                                   {product} {ergonomic}
   size_t MinHeapSize                              = 8388608                                   {product} {ergonomic}
    uintx NonNMethodCodeHeapSize                   = 5832780                                {pd product} {ergonomic}
    uintx NonProfiledCodeHeapSize                  = 122912730                              {pd product} {ergonomic}
    uintx ProfiledCodeHeapSize                     = 122912730                              {pd product} {ergonomic}
    uintx ReservedCodeCacheSize                    = 251658240                              {pd product} {ergonomic}
     bool SegmentedCodeCache                       = true                                      {product} {ergonomic}
   size_t SoftMaxHeapSize                          = 2124414976                             {manageable} {ergonomic}
     bool UseCompressedOops                        = true                           {product lp64_product} {ergonomic}
     bool UseG1GC                                  = true                                      {product} {ergonomic}
     bool UseLargePagesIndividualAllocation        = false                                  {pd product} {ergonomic}

Logging:
Log output configuration:
 #0: stdout all=warning uptime,level,tags foldmultilines=false
 #1: stderr all=off uptime,level,tags foldmultilines=false

Environment Variables:
JAVA_HOME=C:\Program Files\Java\jdk-21
PATH=C:\Program Files\Java\jdk-21\bin;C:\Program Files\Python312\Scripts\;C:\Program Files\Python312\;C:\Program Files\Common Files\Oracle\Java\javapath;C:\Program Files\Java\jdk-1.8\bin;C:\WINDOWS.X64_193000_db_home\bin;C:\app\loubna\product\21c\dbhomeXE\bin;C:\Windows\system32;C:\Windows;C:\Windows\System32\Wbem;C:\Windows\System32\WindowsPowerShell\v1.0\;C:\Windows\System32\OpenSSH\;C:\xampp\php;C:\Program Files\Git\cmd;D:\apache-maven-3.9.6-bin\apache-maven-3.9.6\bin;D:\flutter_windows_3.19.6-stable\flutter\bin;C:\ProgramData\chocolatey\bin;C:\Users\loubna\Downloads\linear-element-429615-a0-9cc87354a517.json;C:\Users\loubna\Downloads\apache-maven-3.9.9-bin\apache-maven-3.9.9\bin;C:\Users\loubna\AppData\Local\nvm;C:\nvm4w\nodejs;;C:\Program Files\Docker\Docker\resources\bin;C:\Program Files\PostgreSQL\17\bin;C:\Users\loubna\AppData\Local\Programs\Python\Launcher\;C:\Program Files\Java\jdk-21\;C:\Users\loubna\AppData\Local\Microsoft\WindowsApps;C:\Users\loubna\AppData\Local\Programs\Microsoft VS Code\bin;C:\Program Files\JetBrains\IntelliJ IDEA Community Edition 2023.2.2\bin;C:\Program Files\PHP;C:\Program Files\JetBrains\IntelliJ IDEA Community Edition 2024.1\bin;;C:\Users\loubna\Downloads\apache-maven-3.9.8-bin\apache-maven-3.9.8\bin;C:\Users\loubna\AppData\Roaming\Python\Python312\Scripts\;C:\Program Files\wkhtmltopdf\bin;C:\Program Files\JetBrains\PyCharm Community Edition 2024.1.4\bin;;C:\Program Files\heroku\bin;C:\Users\loubna\Downloads\flutter_windows_3.24.5-stable\flutter\bin;C:\Users\loubna\Downloads\mysql-8.4.3-winx64\mysql-8.4.3-winx64\bin;D:\mosquitto;C:\Users\loubna\AppData\Local\nvm;C:\nvm4w\nodejs;
USERNAME=loubna
OS=Windows_NT
PROCESSOR_IDENTIFIER=Intel64 Family 6 Model 69 Stepping 1, GenuineIntel
TMP=C:\Users\loubna\AppData\Local\Temp
TEMP=C:\Users\loubna\AppData\Local\Temp




Periodic native trim disabled

---------------  S Y S T E M  ---------------

OS:
 Windows 10 , 64 bit Build 19041 (10.0.19041.5438)
OS uptime: 0 days 11:09 hours
Hyper-V role detected

CPU: total 4 (initial active 4) (2 cores per cpu, 2 threads per core) family 6 model 69 stepping 1 microcode 0x25, cx8, cmov, fxsr, ht, mmx, sse, sse2, sse3, ssse3, sse4.1, sse4.2, popcnt, lzcnt, tsc, tscinvbit, avx, avx2, aes, erms, clmul, bmi1, bmi2, fma, vzeroupper, clflush, hv, rdtscp, f16c
Processor Information for all 4 processors :
  Max Mhz: 2501, Current Mhz: 2501, Mhz Limit: 2501

Memory: 4k page, system-wide physical 8097M (725M free)
TotalPageFile size 14429M (AvailPageFile size 2M)
current process WorkingSet (physical memory assigned to process): 74M, peak: 74M
current process commit charge ("private bytes"): 217M, peak: 217M

vm_info: Java HotSpot(TM) 64-Bit Server VM (21.0.3+7-LTS-152) for windows-amd64 JRE (21.0.3+7-LTS-152), built on 2024-03-11T17:42:26Z by "mach5one" with MS VC++ 17.6 (VS2022)

END.
